<?xml version="1.0" encoding="utf-8"?><testsuites name="pytest tests"><testsuite name="pytest" errors="43" failures="0" skipped="0" tests="43" time="2.366" timestamp="2025-09-26T01:31:34.200251+02:00" hostname="SeanMiniPC"><testcase classname="" name="scripts.test_e2e_tracing" file="scripts/test_e2e_tracing.py" time="0.000"><error message="collection failure">ImportError while importing test module 'C:\Users\steyn\ApexSigmaProjects.Dev\scripts\test_e2e_tracing.py'.
Hint: make sure your test modules/packages have valid Python names.
Traceback:
..\AppData\Roaming\uv\python\cpython-3.13.5-windows-x86_64-none\Lib\importlib\__init__.py:88: in import_module
    return _bootstrap._gcd_import(name[level:], package, level)
           ^^^^^^^^^^^^^^^^^^^^^^^^^^^^^^^^^^^^^^^^^^^^^^^^^^^^
scripts\test_e2e_tracing.py:19: in &lt;module&gt;
    import aiohttp
E   ModuleNotFoundError: No module named 'aiohttp'</error></testcase><testcase classname="" name="services.InGest-LLM.as.scripts.simple_qwen_test" file="services/InGest-LLM.as/scripts/simple_qwen_test.py" time="0.000"><error message="collection failure">ImportError while importing test module 'C:\Users\steyn\ApexSigmaProjects.Dev\services\InGest-LLM.as\scripts\simple_qwen_test.py'.
Hint: make sure your test modules/packages have valid Python names.
Traceback:
..\AppData\Roaming\uv\python\cpython-3.13.5-windows-x86_64-none\Lib\importlib\__init__.py:88: in import_module
    return _bootstrap._gcd_import(name[level:], package, level)
           ^^^^^^^^^^^^^^^^^^^^^^^^^^^^^^^^^^^^^^^^^^^^^^^^^^^^
services\InGest-LLM.as\scripts\simple_qwen_test.py:7: in &lt;module&gt;
    import httpx
E   ModuleNotFoundError: No module named 'httpx'</error></testcase><testcase classname="" name="services.InGest-LLM.as.tests.test_chat_summarizer" file="services/InGest-LLM.as/tests/test_chat_summarizer.py" time="0.000"><error message="collection failure">ImportError while importing test module 'C:\Users\steyn\ApexSigmaProjects.Dev\services\InGest-LLM.as\tests\test_chat_summarizer.py'.
Hint: make sure your test modules/packages have valid Python names.
Traceback:
..\AppData\Roaming\uv\python\cpython-3.13.5-windows-x86_64-none\Lib\importlib\__init__.py:88: in import_module
    return _bootstrap._gcd_import(name[level:], package, level)
           ^^^^^^^^^^^^^^^^^^^^^^^^^^^^^^^^^^^^^^^^^^^^^^^^^^^^
E   ModuleNotFoundError: No module named 'tests.test_chat_summarizer'</error></testcase><testcase classname="" name="services.InGest-LLM.as.tests.test_ecosystem_ingestion" file="services/InGest-LLM.as/tests/test_ecosystem_ingestion.py" time="0.000"><error message="collection failure">ImportError while importing test module 'C:\Users\steyn\ApexSigmaProjects.Dev\services\InGest-LLM.as\tests\test_ecosystem_ingestion.py'.
Hint: make sure your test modules/packages have valid Python names.
Traceback:
..\AppData\Roaming\uv\python\cpython-3.13.5-windows-x86_64-none\Lib\importlib\__init__.py:88: in import_module
    return _bootstrap._gcd_import(name[level:], package, level)
           ^^^^^^^^^^^^^^^^^^^^^^^^^^^^^^^^^^^^^^^^^^^^^^^^^^^^
E   ModuleNotFoundError: No module named 'tests.test_ecosystem_ingestion'</error></testcase><testcase classname="" name="services.InGest-LLM.as.tests.test_ingestion_e2e" file="services/InGest-LLM.as/tests/test_ingestion_e2e.py" time="0.000"><error message="collection failure">ImportError while importing test module 'C:\Users\steyn\ApexSigmaProjects.Dev\services\InGest-LLM.as\tests\test_ingestion_e2e.py'.
Hint: make sure your test modules/packages have valid Python names.
Traceback:
..\AppData\Roaming\uv\python\cpython-3.13.5-windows-x86_64-none\Lib\importlib\__init__.py:88: in import_module
    return _bootstrap._gcd_import(name[level:], package, level)
           ^^^^^^^^^^^^^^^^^^^^^^^^^^^^^^^^^^^^^^^^^^^^^^^^^^^^
E   ModuleNotFoundError: No module named 'tests.test_ingestion_e2e'</error></testcase><testcase classname="" name="services.InGest-LLM.as.tests.test_langfuse_connection" file="services/InGest-LLM.as/tests/test_langfuse_connection.py" time="0.000"><error message="collection failure">ImportError while importing test module 'C:\Users\steyn\ApexSigmaProjects.Dev\services\InGest-LLM.as\tests\test_langfuse_connection.py'.
Hint: make sure your test modules/packages have valid Python names.
Traceback:
..\AppData\Roaming\uv\python\cpython-3.13.5-windows-x86_64-none\Lib\importlib\__init__.py:88: in import_module
    return _bootstrap._gcd_import(name[level:], package, level)
           ^^^^^^^^^^^^^^^^^^^^^^^^^^^^^^^^^^^^^^^^^^^^^^^^^^^^
E   ModuleNotFoundError: No module named 'tests.test_langfuse_connection'</error></testcase><testcase classname="" name="services.InGest-LLM.as.tests.test_langfuse_decorator" file="services/InGest-LLM.as/tests/test_langfuse_decorator.py" time="0.000"><error message="collection failure">ImportError while importing test module 'C:\Users\steyn\ApexSigmaProjects.Dev\services\InGest-LLM.as\tests\test_langfuse_decorator.py'.
Hint: make sure your test modules/packages have valid Python names.
Traceback:
..\AppData\Roaming\uv\python\cpython-3.13.5-windows-x86_64-none\Lib\importlib\__init__.py:88: in import_module
    return _bootstrap._gcd_import(name[level:], package, level)
           ^^^^^^^^^^^^^^^^^^^^^^^^^^^^^^^^^^^^^^^^^^^^^^^^^^^^
E   ModuleNotFoundError: No module named 'tests.test_langfuse_decorator'</error></testcase><testcase classname="" name="services.InGest-LLM.as.tests.test_llm_trace" file="services/InGest-LLM.as/tests/test_llm_trace.py" time="0.000"><error message="collection failure">ImportError while importing test module 'C:\Users\steyn\ApexSigmaProjects.Dev\services\InGest-LLM.as\tests\test_llm_trace.py'.
Hint: make sure your test modules/packages have valid Python names.
Traceback:
..\AppData\Roaming\uv\python\cpython-3.13.5-windows-x86_64-none\Lib\importlib\__init__.py:88: in import_module
    return _bootstrap._gcd_import(name[level:], package, level)
           ^^^^^^^^^^^^^^^^^^^^^^^^^^^^^^^^^^^^^^^^^^^^^^^^^^^^
E   ModuleNotFoundError: No module named 'tests.test_llm_trace'</error></testcase><testcase classname="" name="services.InGest-LLM.as.tests.test_memos_integration_core" file="services/InGest-LLM.as/tests/test_memos_integration_core.py" time="0.000"><error message="collection failure">ImportError while importing test module 'C:\Users\steyn\ApexSigmaProjects.Dev\services\InGest-LLM.as\tests\test_memos_integration_core.py'.
Hint: make sure your test modules/packages have valid Python names.
Traceback:
..\AppData\Roaming\uv\python\cpython-3.13.5-windows-x86_64-none\Lib\importlib\__init__.py:88: in import_module
    return _bootstrap._gcd_import(name[level:], package, level)
           ^^^^^^^^^^^^^^^^^^^^^^^^^^^^^^^^^^^^^^^^^^^^^^^^^^^^
E   ModuleNotFoundError: No module named 'tests.test_memos_integration_core'</error></testcase><testcase classname="" name="services.InGest-LLM.as.tests.test_nomic_embeddings" file="services/InGest-LLM.as/tests/test_nomic_embeddings.py" time="0.000"><error message="collection failure">ImportError while importing test module 'C:\Users\steyn\ApexSigmaProjects.Dev\services\InGest-LLM.as\tests\test_nomic_embeddings.py'.
Hint: make sure your test modules/packages have valid Python names.
Traceback:
..\AppData\Roaming\uv\python\cpython-3.13.5-windows-x86_64-none\Lib\importlib\__init__.py:88: in import_module
    return _bootstrap._gcd_import(name[level:], package, level)
           ^^^^^^^^^^^^^^^^^^^^^^^^^^^^^^^^^^^^^^^^^^^^^^^^^^^^
E   ModuleNotFoundError: No module named 'tests.test_nomic_embeddings'</error></testcase><testcase classname="" name="services.InGest-LLM.as.tests.test_qwen_integration" file="services/InGest-LLM.as/tests/test_qwen_integration.py" time="0.000"><error message="collection failure">ImportError while importing test module 'C:\Users\steyn\ApexSigmaProjects.Dev\services\InGest-LLM.as\tests\test_qwen_integration.py'.
Hint: make sure your test modules/packages have valid Python names.
Traceback:
..\AppData\Roaming\uv\python\cpython-3.13.5-windows-x86_64-none\Lib\importlib\__init__.py:88: in import_module
    return _bootstrap._gcd_import(name[level:], package, level)
           ^^^^^^^^^^^^^^^^^^^^^^^^^^^^^^^^^^^^^^^^^^^^^^^^^^^^
E   ModuleNotFoundError: No module named 'tests.test_qwen_integration'</error></testcase><testcase classname="" name="services.InGest-LLM.as.tests.test_repository_ingestion" file="services/InGest-LLM.as/tests/test_repository_ingestion.py" time="0.000"><error message="collection failure">ImportError while importing test module 'C:\Users\steyn\ApexSigmaProjects.Dev\services\InGest-LLM.as\tests\test_repository_ingestion.py'.
Hint: make sure your test modules/packages have valid Python names.
Traceback:
..\AppData\Roaming\uv\python\cpython-3.13.5-windows-x86_64-none\Lib\importlib\__init__.py:88: in import_module
    return _bootstrap._gcd_import(name[level:], package, level)
           ^^^^^^^^^^^^^^^^^^^^^^^^^^^^^^^^^^^^^^^^^^^^^^^^^^^^
E   ModuleNotFoundError: No module named 'tests.test_repository_ingestion'</error></testcase><testcase classname="" name="services.devenviro.as.app.tests.core.test_database" file="services/devenviro.as/app/tests/core/test_database.py" time="0.000"><error message="collection failure">ImportError while importing test module 'C:\Users\steyn\ApexSigmaProjects.Dev\services\devenviro.as\app\tests\core\test_database.py'.
Hint: make sure your test modules/packages have valid Python names.
Traceback:
..\AppData\Roaming\uv\python\cpython-3.13.5-windows-x86_64-none\Lib\importlib\__init__.py:88: in import_module
    return _bootstrap._gcd_import(name[level:], package, level)
           ^^^^^^^^^^^^^^^^^^^^^^^^^^^^^^^^^^^^^^^^^^^^^^^^^^^^
services\devenviro.as\app\tests\core\test_database.py:9: in &lt;module&gt;
    from app.src.core import database
services\devenviro.as\app\src\core\__init__.py:16: in &lt;module&gt;
    from .observability import get_observability
services\devenviro.as\app\src\core\observability.py:12: in &lt;module&gt;
    import structlog
E   ModuleNotFoundError: No module named 'structlog'</error></testcase><testcase classname="" name="services.devenviro.as.app.tests.services.test_database_migration" file="services/devenviro.as/app/tests/services/test_database_migration.py" time="0.000"><error message="collection failure">ImportError while importing test module 'C:\Users\steyn\ApexSigmaProjects.Dev\services\devenviro.as\app\tests\services\test_database_migration.py'.
Hint: make sure your test modules/packages have valid Python names.
Traceback:
..\AppData\Roaming\uv\python\cpython-3.13.5-windows-x86_64-none\Lib\importlib\__init__.py:88: in import_module
    return _bootstrap._gcd_import(name[level:], package, level)
           ^^^^^^^^^^^^^^^^^^^^^^^^^^^^^^^^^^^^^^^^^^^^^^^^^^^^
services\devenviro.as\app\tests\services\test_database_migration.py:8: in &lt;module&gt;
    from app.src.services.database_migration import DatabaseMigration
services\devenviro.as\app\src\services\database_migration.py:7: in &lt;module&gt;
    from app.src.core.database import get_db_connection
services\devenviro.as\app\src\core\__init__.py:16: in &lt;module&gt;
    from .observability import get_observability
services\devenviro.as\app\src\core\observability.py:12: in &lt;module&gt;
    import structlog
E   ModuleNotFoundError: No module named 'structlog'</error></testcase><testcase classname="" name="services.devenviro.as.app.tests.test_agent_database" file="services/devenviro.as/app/tests/test_agent_database.py" time="0.000"><error message="collection failure">ImportError while importing test module 'C:\Users\steyn\ApexSigmaProjects.Dev\services\devenviro.as\app\tests\test_agent_database.py'.
Hint: make sure your test modules/packages have valid Python names.
Traceback:
..\AppData\Roaming\uv\python\cpython-3.13.5-windows-x86_64-none\Lib\importlib\__init__.py:88: in import_module
    return _bootstrap._gcd_import(name[level:], package, level)
           ^^^^^^^^^^^^^^^^^^^^^^^^^^^^^^^^^^^^^^^^^^^^^^^^^^^^
services\devenviro.as\app\tests\test_agent_database.py:8: in &lt;module&gt;
    import psycopg2
E   ModuleNotFoundError: No module named 'psycopg2'</error></testcase><testcase classname="" name="services.memos.as.app.tests.test_api" file="services/memos.as/app/tests/test_api.py" time="0.000"><error message="collection failure">ImportError while importing test module 'C:\Users\steyn\ApexSigmaProjects.Dev\services\memos.as\app\tests\test_api.py'.
Hint: make sure your test modules/packages have valid Python names.
Traceback:
..\AppData\Roaming\uv\python\cpython-3.13.5-windows-x86_64-none\Lib\importlib\__init__.py:88: in import_module
    return _bootstrap._gcd_import(name[level:], package, level)
           ^^^^^^^^^^^^^^^^^^^^^^^^^^^^^^^^^^^^^^^^^^^^^^^^^^^^
services\memos.as\app\tests\test_api.py:1: in &lt;module&gt;
    import httpx
E   ModuleNotFoundError: No module named 'httpx'</error></testcase><testcase classname="" name="services.memos.as.app.tests.test_graph_api" file="services/memos.as/app/tests/test_graph_api.py" time="0.000"><error message="collection failure">ImportError while importing test module 'C:\Users\steyn\ApexSigmaProjects.Dev\services\memos.as\app\tests\test_graph_api.py'.
Hint: make sure your test modules/packages have valid Python names.
Traceback:
..\AppData\Roaming\uv\python\cpython-3.13.5-windows-x86_64-none\Lib\importlib\__init__.py:88: in import_module
    return _bootstrap._gcd_import(name[level:], package, level)
           ^^^^^^^^^^^^^^^^^^^^^^^^^^^^^^^^^^^^^^^^^^^^^^^^^^^^
services\memos.as\app\tests\test_graph_api.py:1: in &lt;module&gt;
    import httpx
E   ModuleNotFoundError: No module named 'httpx'</error></testcase><testcase classname="" name="services.memos.as.app.tests.test_ingest_integration" file="services/memos.as/app/tests/test_ingest_integration.py" time="0.000"><error message="collection failure">ImportError while importing test module 'C:\Users\steyn\ApexSigmaProjects.Dev\services\memos.as\app\tests\test_ingest_integration.py'.
Hint: make sure your test modules/packages have valid Python names.
Traceback:
..\AppData\Roaming\uv\python\cpython-3.13.5-windows-x86_64-none\Lib\importlib\__init__.py:88: in import_module
    return _bootstrap._gcd_import(name[level:], package, level)
           ^^^^^^^^^^^^^^^^^^^^^^^^^^^^^^^^^^^^^^^^^^^^^^^^^^^^
services\memos.as\app\tests\test_ingest_integration.py:10: in &lt;module&gt;
    import httpx
E   ModuleNotFoundError: No module named 'httpx'</error></testcase><testcase classname="" name="services.memos.as.app.tests.test_integration" file="services/memos.as/app/tests/test_integration.py" time="0.000"><error message="collection failure">ImportError while importing test module 'C:\Users\steyn\ApexSigmaProjects.Dev\services\memos.as\app\tests\test_integration.py'.
Hint: make sure your test modules/packages have valid Python names.
Traceback:
..\AppData\Roaming\uv\python\cpython-3.13.5-windows-x86_64-none\Lib\importlib\__init__.py:88: in import_module
    return _bootstrap._gcd_import(name[level:], package, level)
           ^^^^^^^^^^^^^^^^^^^^^^^^^^^^^^^^^^^^^^^^^^^^^^^^^^^^
services\memos.as\app\tests\test_integration.py:2: in &lt;module&gt;
    from fastapi.testclient import TestClient
E   ModuleNotFoundError: No module named 'fastapi'</error></testcase><testcase classname="" name="services.memos.as.app.tests.test_neo4j_client" file="services/memos.as/app/tests/test_neo4j_client.py" time="0.000"><error message="collection failure">ImportError while importing test module 'C:\Users\steyn\ApexSigmaProjects.Dev\services\memos.as\app\tests\test_neo4j_client.py'.
Hint: make sure your test modules/packages have valid Python names.
Traceback:
..\AppData\Roaming\uv\python\cpython-3.13.5-windows-x86_64-none\Lib\importlib\__init__.py:88: in import_module
    return _bootstrap._gcd_import(name[level:], package, level)
           ^^^^^^^^^^^^^^^^^^^^^^^^^^^^^^^^^^^^^^^^^^^^^^^^^^^^
services\memos.as\app\tests\test_neo4j_client.py:2: in &lt;module&gt;
    from app.services.neo4j_client import Neo4jClient
E   ModuleNotFoundError: No module named 'app.services'</error></testcase><testcase classname="" name="services.memos.as.app.tests.test_tiered_storage" file="services/memos.as/app/tests/test_tiered_storage.py" time="0.000"><error message="collection failure">ImportError while importing test module 'C:\Users\steyn\ApexSigmaProjects.Dev\services\memos.as\app\tests\test_tiered_storage.py'.
Hint: make sure your test modules/packages have valid Python names.
Traceback:
..\AppData\Roaming\uv\python\cpython-3.13.5-windows-x86_64-none\Lib\importlib\__init__.py:88: in import_module
    return _bootstrap._gcd_import(name[level:], package, level)
           ^^^^^^^^^^^^^^^^^^^^^^^^^^^^^^^^^^^^^^^^^^^^^^^^^^^^
services\memos.as\app\tests\test_tiered_storage.py:1: in &lt;module&gt;
    import httpx
E   ModuleNotFoundError: No module named 'httpx'</error></testcase><testcase classname="" name="services.memos.as.libs.apexsigma-core.tests.test_models" file="services/memos.as/libs/apexsigma-core/tests/test_models.py" time="0.000"><error message="collection failure">import file mismatch:
imported module 'tests.test_models' has this __file__ attribute:
  C:\Users\steyn\ApexSigmaProjects.Dev\libs\apexsigma-core\tests\test_models.py
which is not the same as the test file we want to collect:
  C:\Users\steyn\ApexSigmaProjects.Dev\services\memos.as\libs\apexsigma-core\tests\test_models.py
HINT: remove __pycache__ / .pyc files and/or use a unique basename for your test file modules</error></testcase><testcase classname="" name="services.memos.as.libs.apexsigma-core.tests.test_utils" file="services/memos.as/libs/apexsigma-core/tests/test_utils.py" time="0.000"><error message="collection failure">import file mismatch:
imported module 'tests.test_utils' has this __file__ attribute:
  C:\Users\steyn\ApexSigmaProjects.Dev\libs\apexsigma-core\tests\test_utils.py
which is not the same as the test file we want to collect:
  C:\Users\steyn\ApexSigmaProjects.Dev\services\memos.as\libs\apexsigma-core\tests\test_utils.py
HINT: remove __pycache__ / .pyc files and/or use a unique basename for your test file modules</error></testcase><testcase classname="" name="services.memos.as.bak.app.tests.integration.test_expire_memories" file="services/memos.as.bak/app/tests/integration/test_expire_memories.py" time="0.000"><error message="collection failure">ImportError while importing test module 'C:\Users\steyn\ApexSigmaProjects.Dev\services\memos.as.bak\app\tests\integration\test_expire_memories.py'.
Hint: make sure your test modules/packages have valid Python names.
Traceback:
..\AppData\Roaming\uv\python\cpython-3.13.5-windows-x86_64-none\Lib\importlib\__init__.py:88: in import_module
    return _bootstrap._gcd_import(name[level:], package, level)
           ^^^^^^^^^^^^^^^^^^^^^^^^^^^^^^^^^^^^^^^^^^^^^^^^^^^^
C:\Users\steyn\ApexSigmaProjects.Dev\MCP_Server_Builds\memos.as\app\tests\integration\test_expire_memories.py:5: in &lt;module&gt;
    ???
E   ModuleNotFoundError: No module named 'app.services'</error></testcase><testcase classname="" name="services.memos.as.bak.app.tests.test_api" file="services/memos.as.bak/app/tests/test_api.py" time="0.000"><error message="collection failure">ImportError while importing test module 'C:\Users\steyn\ApexSigmaProjects.Dev\services\memos.as.bak\app\tests\test_api.py'.
Hint: make sure your test modules/packages have valid Python names.
Traceback:
..\AppData\Roaming\uv\python\cpython-3.13.5-windows-x86_64-none\Lib\importlib\__init__.py:88: in import_module
    return _bootstrap._gcd_import(name[level:], package, level)
           ^^^^^^^^^^^^^^^^^^^^^^^^^^^^^^^^^^^^^^^^^^^^^^^^^^^^
C:\Users\steyn\ApexSigmaProjects.Dev\MCP_Server_Builds\memos.as\app\tests\test_api.py:1: in &lt;module&gt;
    ???
E   ModuleNotFoundError: No module named 'httpx'</error></testcase><testcase classname="" name="services.memos.as.bak.app.tests.test_graph_api" file="services/memos.as.bak/app/tests/test_graph_api.py" time="0.000"><error message="collection failure">ImportError while importing test module 'C:\Users\steyn\ApexSigmaProjects.Dev\services\memos.as.bak\app\tests\test_graph_api.py'.
Hint: make sure your test modules/packages have valid Python names.
Traceback:
..\AppData\Roaming\uv\python\cpython-3.13.5-windows-x86_64-none\Lib\importlib\__init__.py:88: in import_module
    return _bootstrap._gcd_import(name[level:], package, level)
           ^^^^^^^^^^^^^^^^^^^^^^^^^^^^^^^^^^^^^^^^^^^^^^^^^^^^
C:\Users\steyn\ApexSigmaProjects.Dev\MCP_Server_Builds\memos.as\app\tests\test_graph_api.py:1: in &lt;module&gt;
    ???
E   ModuleNotFoundError: No module named 'httpx'</error></testcase><testcase classname="" name="services.memos.as.bak.app.tests.test_ingest_integration" file="services/memos.as.bak/app/tests/test_ingest_integration.py" time="0.000"><error message="collection failure">ImportError while importing test module 'C:\Users\steyn\ApexSigmaProjects.Dev\services\memos.as.bak\app\tests\test_ingest_integration.py'.
Hint: make sure your test modules/packages have valid Python names.
Traceback:
..\AppData\Roaming\uv\python\cpython-3.13.5-windows-x86_64-none\Lib\importlib\__init__.py:88: in import_module
    return _bootstrap._gcd_import(name[level:], package, level)
           ^^^^^^^^^^^^^^^^^^^^^^^^^^^^^^^^^^^^^^^^^^^^^^^^^^^^
C:\Users\steyn\ApexSigmaProjects.Dev\MCP_Server_Builds\memos.as\app\tests\test_ingest_integration.py:10: in &lt;module&gt;
    ???
E   ModuleNotFoundError: No module named 'httpx'</error></testcase><testcase classname="" name="services.memos.as.bak.app.tests.test_integration" file="services/memos.as.bak/app/tests/test_integration.py" time="0.000"><error message="collection failure">ImportError while importing test module 'C:\Users\steyn\ApexSigmaProjects.Dev\services\memos.as.bak\app\tests\test_integration.py'.
Hint: make sure your test modules/packages have valid Python names.
Traceback:
..\AppData\Roaming\uv\python\cpython-3.13.5-windows-x86_64-none\Lib\importlib\__init__.py:88: in import_module
    return _bootstrap._gcd_import(name[level:], package, level)
           ^^^^^^^^^^^^^^^^^^^^^^^^^^^^^^^^^^^^^^^^^^^^^^^^^^^^
C:\Users\steyn\ApexSigmaProjects.Dev\MCP_Server_Builds\memos.as\app\tests\test_integration.py:2: in &lt;module&gt;
    ???
E   ModuleNotFoundError: No module named 'fastapi'</error></testcase><testcase classname="" name="services.memos.as.bak.app.tests.test_neo4j_client" file="services/memos.as.bak/app/tests/test_neo4j_client.py" time="0.000"><error message="collection failure">ImportError while importing test module 'C:\Users\steyn\ApexSigmaProjects.Dev\services\memos.as.bak\app\tests\test_neo4j_client.py'.
Hint: make sure your test modules/packages have valid Python names.
Traceback:
..\AppData\Roaming\uv\python\cpython-3.13.5-windows-x86_64-none\Lib\importlib\__init__.py:88: in import_module
    return _bootstrap._gcd_import(name[level:], package, level)
           ^^^^^^^^^^^^^^^^^^^^^^^^^^^^^^^^^^^^^^^^^^^^^^^^^^^^
C:\Users\steyn\ApexSigmaProjects.Dev\MCP_Server_Builds\memos.as\app\tests\test_neo4j_client.py:2: in &lt;module&gt;
    ???
E   ModuleNotFoundError: No module named 'app.services'</error></testcase><testcase classname="" name="services.memos.as.bak.app.tests.test_simple" file="services/memos.as.bak/app/tests/test_simple.py" time="0.000"><error message="collection failure">import file mismatch:
imported module 'test_simple' has this __file__ attribute:
  C:\Users\steyn\ApexSigmaProjects.Dev\services\memos.as\app\tests\test_simple.py
which is not the same as the test file we want to collect:
  C:\Users\steyn\ApexSigmaProjects.Dev\services\memos.as.bak\app\tests\test_simple.py
HINT: remove __pycache__ / .pyc files and/or use a unique basename for your test file modules</error></testcase><testcase classname="" name="services.memos.as.bak.app.tests.test_tiered_storage" file="services/memos.as.bak/app/tests/test_tiered_storage.py" time="0.000"><error message="collection failure">ImportError while importing test module 'C:\Users\steyn\ApexSigmaProjects.Dev\services\memos.as.bak\app\tests\test_tiered_storage.py'.
Hint: make sure your test modules/packages have valid Python names.
Traceback:
..\AppData\Roaming\uv\python\cpython-3.13.5-windows-x86_64-none\Lib\importlib\__init__.py:88: in import_module
    return _bootstrap._gcd_import(name[level:], package, level)
           ^^^^^^^^^^^^^^^^^^^^^^^^^^^^^^^^^^^^^^^^^^^^^^^^^^^^
C:\Users\steyn\ApexSigmaProjects.Dev\MCP_Server_Builds\memos.as\app\tests\test_tiered_storage.py:1: in &lt;module&gt;
    ???
E   ModuleNotFoundError: No module named 'httpx'</error></testcase><testcase classname="" name="services.memos.as.bak.app.tests.unit.test_redis_ttl" file="services/memos.as.bak/app/tests/unit/test_redis_ttl.py" time="0.000"><error message="collection failure">ImportError while importing test module 'C:\Users\steyn\ApexSigmaProjects.Dev\services\memos.as.bak\app\tests\unit\test_redis_ttl.py'.
Hint: make sure your test modules/packages have valid Python names.
Traceback:
..\AppData\Roaming\uv\python\cpython-3.13.5-windows-x86_64-none\Lib\importlib\__init__.py:88: in import_module
    return _bootstrap._gcd_import(name[level:], package, level)
           ^^^^^^^^^^^^^^^^^^^^^^^^^^^^^^^^^^^^^^^^^^^^^^^^^^^^
C:\Users\steyn\ApexSigmaProjects.Dev\MCP_Server_Builds\memos.as\app\tests\unit\test_redis_ttl.py:2: in &lt;module&gt;
    ???
E   ModuleNotFoundError: No module named 'fakeredis'</error></testcase><testcase classname="" name="services.memos.as.bak.test_mcp_http_client" file="services/memos.as.bak/test_mcp_http_client.py" time="0.000"><error message="collection failure">ImportError while importing test module 'C:\Users\steyn\ApexSigmaProjects.Dev\services\memos.as.bak\test_mcp_http_client.py'.
Hint: make sure your test modules/packages have valid Python names.
Traceback:
..\AppData\Roaming\uv\python\cpython-3.13.5-windows-x86_64-none\Lib\importlib\__init__.py:88: in import_module
    return _bootstrap._gcd_import(name[level:], package, level)
           ^^^^^^^^^^^^^^^^^^^^^^^^^^^^^^^^^^^^^^^^^^^^^^^^^^^^
services\memos.as.bak\test_mcp_http_client.py:2: in &lt;module&gt;
    import httpx
E   ModuleNotFoundError: No module named 'httpx'</error></testcase><testcase classname="" name="services.memos.as.bak.tests.test_background_worker" file="services/memos.as.bak/tests/test_background_worker.py" time="0.000"><error message="collection failure">ImportError while importing test module 'C:\Users\steyn\ApexSigmaProjects.Dev\services\memos.as.bak\tests\test_background_worker.py'.
Hint: make sure your test modules/packages have valid Python names.
Traceback:
..\AppData\Roaming\uv\python\cpython-3.13.5-windows-x86_64-none\Lib\importlib\__init__.py:88: in import_module
    return _bootstrap._gcd_import(name[level:], package, level)
           ^^^^^^^^^^^^^^^^^^^^^^^^^^^^^^^^^^^^^^^^^^^^^^^^^^^^
C:\Users\steyn\ApexSigmaProjects.Dev\MCP_Server_Builds\memos.as\tests\test_background_worker.py:4: in &lt;module&gt;
    ???
E   ModuleNotFoundError: No module named 'fakeredis'</error></testcase><testcase classname="" name="services.memos.as.bak.tests.test_redis_client" file="services/memos.as.bak/tests/test_redis_client.py" time="0.000"><error message="collection failure">ImportError while importing test module 'C:\Users\steyn\ApexSigmaProjects.Dev\services\memos.as.bak\tests\test_redis_client.py'.
Hint: make sure your test modules/packages have valid Python names.
Traceback:
..\AppData\Roaming\uv\python\cpython-3.13.5-windows-x86_64-none\Lib\importlib\__init__.py:88: in import_module
    return _bootstrap._gcd_import(name[level:], package, level)
           ^^^^^^^^^^^^^^^^^^^^^^^^^^^^^^^^^^^^^^^^^^^^^^^^^^^^
C:\Users\steyn\ApexSigmaProjects.Dev\MCP_Server_Builds\memos.as\tests\test_redis_client.py:3: in &lt;module&gt;
    ???
E   ModuleNotFoundError: No module named 'fakeredis'</error></testcase><testcase classname="" name="services.memos.as.bak.tests.test_redis_client_models" file="services/memos.as.bak/tests/test_redis_client_models.py" time="0.000"><error message="collection failure">ImportError while importing test module 'C:\Users\steyn\ApexSigmaProjects.Dev\services\memos.as.bak\tests\test_redis_client_models.py'.
Hint: make sure your test modules/packages have valid Python names.
Traceback:
..\AppData\Roaming\uv\python\cpython-3.13.5-windows-x86_64-none\Lib\importlib\__init__.py:88: in import_module
    return _bootstrap._gcd_import(name[level:], package, level)
           ^^^^^^^^^^^^^^^^^^^^^^^^^^^^^^^^^^^^^^^^^^^^^^^^^^^^
C:\Users\steyn\ApexSigmaProjects.Dev\MCP_Server_Builds\memos.as\tests\test_redis_client_models.py:3: in &lt;module&gt;
    ???
E   ModuleNotFoundError: No module named 'fakeredis'</error></testcase><testcase classname="" name="services.memos.as.bak.tests.test_redis_lock" file="services/memos.as.bak/tests/test_redis_lock.py" time="0.000"><error message="collection failure">ImportError while importing test module 'C:\Users\steyn\ApexSigmaProjects.Dev\services\memos.as.bak\tests\test_redis_lock.py'.
Hint: make sure your test modules/packages have valid Python names.
Traceback:
..\AppData\Roaming\uv\python\cpython-3.13.5-windows-x86_64-none\Lib\importlib\__init__.py:88: in import_module
    return _bootstrap._gcd_import(name[level:], package, level)
           ^^^^^^^^^^^^^^^^^^^^^^^^^^^^^^^^^^^^^^^^^^^^^^^^^^^^
C:\Users\steyn\ApexSigmaProjects.Dev\MCP_Server_Builds\memos.as\tests\test_redis_lock.py:3: in &lt;module&gt;
    ???
E   ModuleNotFoundError: No module named 'fakeredis'</error></testcase><testcase classname="" name="services.tools.as.app.tests.test_main" file="services/tools.as/app/tests/test_main.py" time="0.000"><error message="collection failure">import file mismatch:
imported module 'app.tests.test_main' has this __file__ attribute:
  C:\Users\steyn\ApexSigmaProjects.Dev\services\devenviro.as\app\tests\test_main.py
which is not the same as the test file we want to collect:
  C:\Users\steyn\ApexSigmaProjects.Dev\services\tools.as\app\tests\test_main.py
HINT: remove __pycache__ / .pyc files and/or use a unique basename for your test file modules</error></testcase><testcase classname="" name="services.tools.as.tests.test_chat_thread_summarizer" file="services/tools.as/tests/test_chat_thread_summarizer.py" time="0.000"><error message="collection failure">ImportError while importing test module 'C:\Users\steyn\ApexSigmaProjects.Dev\services\tools.as\tests\test_chat_thread_summarizer.py'.
Hint: make sure your test modules/packages have valid Python names.
Traceback:
..\AppData\Roaming\uv\python\cpython-3.13.5-windows-x86_64-none\Lib\importlib\__init__.py:88: in import_module
    return _bootstrap._gcd_import(name[level:], package, level)
           ^^^^^^^^^^^^^^^^^^^^^^^^^^^^^^^^^^^^^^^^^^^^^^^^^^^^
services\tools.as\tests\test_chat_thread_summarizer.py:13: in &lt;module&gt;
    from chat_thread_summarizer import ToolsThreadSummarizer, main  # type: ignore
    ^^^^^^^^^^^^^^^^^^^^^^^^^^^^^^^^^^^^^^^^^^^^^^^^^^^^^^^^^^^^^^
E   ImportError: cannot import name 'ToolsThreadSummarizer' from 'chat_thread_summarizer' (C:\Users\steyn\ApexSigmaProjects.Dev\services\InGest-LLM.as\scripts\chat_thread_summarizer.py). Did you mean: 'ChatThreadSummarizer'?</error></testcase><testcase classname="" name="services.tools.as.tests.test_main" file="services/tools.as/tests/test_main.py" time="0.000"><error message="collection failure">import file mismatch:
imported module 'test_main' has this __file__ attribute:
  C:\Users\steyn\ApexSigmaProjects.Dev\services\devenviro.as\app\tests\test_main.py
which is not the same as the test file we want to collect:
  C:\Users\steyn\ApexSigmaProjects.Dev\services\tools.as\tests\test_main.py
HINT: remove __pycache__ / .pyc files and/or use a unique basename for your test file modules</error></testcase><testcase classname="" name="services.tools.as.tests.test_models" file="services/tools.as/tests/test_models.py" time="0.000"><error message="collection failure">ImportError while importing test module 'C:\Users\steyn\ApexSigmaProjects.Dev\services\tools.as\tests\test_models.py'.
Hint: make sure your test modules/packages have valid Python names.
Traceback:
..\AppData\Roaming\uv\python\cpython-3.13.5-windows-x86_64-none\Lib\importlib\__init__.py:88: in import_module
    return _bootstrap._gcd_import(name[level:], package, level)
           ^^^^^^^^^^^^^^^^^^^^^^^^^^^^^^^^^^^^^^^^^^^^^^^^^^^^
services\tools.as\tests\test_models.py:17: in &lt;module&gt;
    from sqlalchemy import create_engine, inspect
E   ModuleNotFoundError: No module named 'sqlalchemy'</error></testcase><testcase classname="" name="tests.test_core_integration_e2e" file="tests/test_core_integration_e2e.py" time="0.000"><error message="collection failure">ImportError while importing test module 'C:\Users\steyn\ApexSigmaProjects.Dev\tests\test_core_integration_e2e.py'.
Hint: make sure your test modules/packages have valid Python names.
Traceback:
..\AppData\Roaming\uv\python\cpython-3.13.5-windows-x86_64-none\Lib\importlib\__init__.py:88: in import_module
    return _bootstrap._gcd_import(name[level:], package, level)
           ^^^^^^^^^^^^^^^^^^^^^^^^^^^^^^^^^^^^^^^^^^^^^^^^^^^^
tests\test_core_integration_e2e.py:15: in &lt;module&gt;
    import httpx
E   ModuleNotFoundError: No module named 'httpx'</error></testcase><testcase classname="" name="tests.test_langfuse_ecosystem" file="tests/test_langfuse_ecosystem.py" time="0.000"><error message="collection failure">ImportError while importing test module 'C:\Users\steyn\ApexSigmaProjects.Dev\tests\test_langfuse_ecosystem.py'.
Hint: make sure your test modules/packages have valid Python names.
Traceback:
..\AppData\Roaming\uv\python\cpython-3.13.5-windows-x86_64-none\Lib\importlib\__init__.py:88: in import_module
    return _bootstrap._gcd_import(name[level:], package, level)
           ^^^^^^^^^^^^^^^^^^^^^^^^^^^^^^^^^^^^^^^^^^^^^^^^^^^^
tests\test_langfuse_ecosystem.py:7: in &lt;module&gt;
    import httpx
E   ModuleNotFoundError: No module named 'httpx'</error></testcase></testsuite></testsuites>